#
# There is insufficient memory for the Java Runtime Environment to continue.
# Native memory allocation (malloc) failed to allocate 1048576 bytes for AllocateHeap
# Possible reasons:
#   The system is out of physical RAM or swap space
#   The process is running with CompressedOops enabled, and the Java Heap may be blocking the growth of the native heap
# Possible solutions:
#   Reduce memory load on the system
#   Increase physical memory or swap space
#   Check if swap backing store is full
#   Decrease Java heap size (-Xmx/-Xms)
#   Decrease number of Java threads
#   Decrease Java thread stack sizes (-Xss)
#   Set larger code cache with -XX:ReservedCodeCacheSize=
#   JVM is running with Unscaled Compressed Oops mode in which the Java heap is
#     placed in the first 4GB address space. The Java Heap base address is the
#     maximum limit for the native heap growth. Please use -XX:HeapBaseMinAddress
#     to set the Java Heap base and to place the Java Heap above 4GB virtual address.
# This output file may be truncated or incomplete.
#
#  Out of Memory Error (./src/hotspot/share/memory/allocation.cpp:46), pid=14476, tid=13348
#
# JRE version: OpenJDK Runtime Environment JBR-11.0.10.9-1341.35-dcevm (11.0.10+9) (build 11.0.10+9-b1341.35)
# Java VM: Dynamic Code Evolution 64-Bit Server VM JBR-11.0.10.9-1341.35-dcevm (11.0.10+9-b1341.35, mixed mode, tiered, compressed oops, g1 gc, windows-amd64)
# No core dump will be written. Minidumps are not enabled by default on client versions of Windows
#

---------------  S U M M A R Y ------------

Command Line: -XX:TieredStopAtLevel=1 -Xverify:none -Dspring.output.ansi.enabled=always -javaagent:C:\Program Files\JetBrains\IntelliJ IDEA 2021.1\lib\idea_rt.jar=60759:C:\Program Files\JetBrains\IntelliJ IDEA 2021.1\bin -Dcom.sun.management.jmxremote -Dspring.jmx.enabled=true -Dspring.liveBeansView.mbeanDomain -Dspring.application.admin.enabled=true -Dfile.encoding=UTF-8 com.artur.ServingWebContentApplication

Host: Intel(R) Core(TM) i7-8750H CPU @ 2.20GHz, 12 cores, 7G,  Windows 10 , 64 bit Build 19041 (10.0.19041.928)
Time: Sun Apr 25 16:52:36 2021 Russia TZ 2 Standard Time elapsed time: 0.276955 seconds (0d 0h 0m 0s)

---------------  T H R E A D  ---------------

Current thread (0x000001ce8731f800):  VMThread "VM Thread" [stack: 0x0000004adbe00000,0x0000004adbf00000] [id=13348]

Stack: [0x0000004adbe00000,0x0000004adbf00000]
[error occurred during error reporting (printing stack bounds), id 0xc0000005, EXCEPTION_ACCESS_VIOLATION (0xc0000005) at pc=0x000001ceefec0f2d]

Native frames: (J=compiled Java code, j=interpreted, Vv=VM code, C=native code)
V  [jvm.dll+0x5f84fa]
V  [jvm.dll+0x77e085]
V  [jvm.dll+0x77f5dd]
V  [jvm.dll+0x77fbf5]
V  [jvm.dll+0x77fbab]
V  [jvm.dll+0x5f7898]
V  [jvm.dll+0x5f8028]
C  [ntdll.dll+0xa207f]
C  [ntdll.dll+0x51454]
C  [ntdll.dll+0xa0bae]
C  0x000001ceefec0f2d

VM_Operation (0x0000004adb8fe260): CollectForMetadataAllocation, mode: safepoint, requested by thread 0x000001ceeaaee800


---------------  P R O C E S S  ---------------

Threads class SMR info:
_java_thread_list=0x000001ce87bbb630, length=9, elements={
0x000001ceeaaee800, 0x000001ce87b63800, 0x000001ce87b6c000, 0x000001ce87bbd000,
0x000001ce87bc0000, 0x000001ce87bc1800, 0x000001ce8734d800, 0x000001ce87351800,
0x000001ce872da000
}

Java Threads: ( => current thread )
  0x000001ceeaaee800 JavaThread "main" [_thread_blocked, id=7052, stack(0x0000004adb800000,0x0000004adb900000)]
  0x000001ce87b63800 JavaThread "Reference Handler" daemon [_thread_blocked, id=2964, stack(0x0000004adbf00000,0x0000004adc000000)]
  0x000001ce87b6c000 JavaThread "Finalizer" daemon [_thread_blocked, id=10336, stack(0x0000004adc000000,0x0000004adc100000)]
  0x000001ce87bbd000 JavaThread "Signal Dispatcher" daemon [_thread_blocked, id=5792, stack(0x0000004adc100000,0x0000004adc200000)]
  0x000001ce87bc0000 JavaThread "Attach Listener" daemon [_thread_blocked, id=12160, stack(0x0000004adc200000,0x0000004adc300000)]
  0x000001ce87bc1800 JavaThread "Service Thread" daemon [_thread_blocked, id=12448, stack(0x0000004adc300000,0x0000004adc400000)]
  0x000001ce8734d800 JavaThread "C1 CompilerThread0" daemon [_thread_blocked, id=4316, stack(0x0000004adc400000,0x0000004adc500000)]
  0x000001ce87351800 JavaThread "Sweeper thread" daemon [_thread_blocked, id=5020, stack(0x0000004adc500000,0x0000004adc600000)]
  0x000001ce872da000 JavaThread "Common-Cleaner" daemon [_thread_blocked, id=10764, stack(0x0000004adc600000,0x0000004adc700000)]

Other Threads:
=>0x000001ce8731f800 VMThread "VM Thread" [stack: 0x0000004adbe00000,0x0000004adbf00000] [id=13348]
  0x000001ceeab07000 GCTaskThread "GC Thread#0" [stack: 0x0000004adb900000,0x0000004adba00000] [id=9260]
  0x000001ce87cf5000 GCTaskThread "GC Thread#1" [stack: 0x0000004adc700000,0x0000004adc800000] [id=1436]
  0x000001ce87cf5800 GCTaskThread "GC Thread#2" [stack: 0x0000004adc800000,0x0000004adc900000] [id=9160]
  0x000001ceeab38800 ConcurrentGCThread "G1 Main Marker" [stack: 0x0000004adba00000,0x0000004adbb00000] [id=9328]
  0x000001ceeab3a000 ConcurrentGCThread "G1 Conc#0" [stack: 0x0000004adbb00000,0x0000004adbc00000] [id=14064]
  0x000001ceeabbe000 ConcurrentGCThread "G1 Refine#0" [stack: 0x0000004adbc00000,0x0000004adbd00000] [id=6944]
  0x000001ce87188800 ConcurrentGCThread "G1 Young RemSet Sampling" [stack: 0x0000004adbd00000,0x0000004adbe00000] [id=7456]

Threads with active compile tasks:
C1 CompilerThread0    577  113       1       java.util.HashMap::put (13 bytes)

VM state:at safepoint (normal execution)

VM Mutex/Monitor currently owned by a thread:  ([mutex/lock_event])
[0x000001ceeaae91a0] Threads_lock - owner thread: 0x000001ce8731f800
[0x000001ceeaae9e00] Heap_lock - owner thread: 0x000001ceeaaee800

Heap address: 0x0000000082400000, size: 2012 MB, Compressed Oops mode: 32-bit
Narrow klass base: 0x0000000000000000, Narrow klass shift: 3
Compressed class space size: 1073741824 Address: 0x0000000100000000

Heap:
 garbage-first heap   total 129024K, used 608K [0x0000000082400000, 0x0000000100000000)
  region size 1024K, 1 young (1024K), 1 survivors (1024K)
 Metaspace       used 4732K, capacity 4768K, committed 4864K, reserved 1064960K
  class space    used 414K, capacity 438K, committed 512K, reserved 1048576K
Heap Regions: E=young(eden), S=young(survivor), O=old, HS=humongous(starts), HC=humongous(continues), CS=collection set, F=free, A=archive, TAMS=top-at-mark-start (previous, next)
|   0|0x0000000082400000, 0x0000000082400000, 0x0000000082500000|  0%| F|  |TAMS 0x0000000082400000, 0x0000000082400000| Untracked 
|   1|0x0000000082500000, 0x0000000082500000, 0x0000000082600000|  0%| F|  |TAMS 0x0000000082500000, 0x0000000082500000| Untracked 
|   2|0x0000000082600000, 0x0000000082600000, 0x0000000082700000|  0%| F|  |TAMS 0x0000000082600000, 0x0000000082600000| Untracked 
|   3|0x0000000082700000, 0x0000000082700000, 0x0000000082800000|  0%| F|  |TAMS 0x0000000082700000, 0x0000000082700000| Untracked 
|   4|0x0000000082800000, 0x0000000082800000, 0x0000000082900000|  0%| F|  |TAMS 0x0000000082800000, 0x0000000082800000| Untracked 
|   5|0x0000000082900000, 0x0000000082900000, 0x0000000082a00000|  0%| F|  |TAMS 0x0000000082900000, 0x0000000082900000| Untracked 
|   6|0x0000000082a00000, 0x0000000082a00000, 0x0000000082b00000|  0%| F|  |TAMS 0x0000000082a00000, 0x0000000082a00000| Untracked 
|   7|0x0000000082b00000, 0x0000000082b00000, 0x0000000082c00000|  0%| F|  |TAMS 0x0000000082b00000, 0x0000000082b00000| Untracked 
|   8|0x0000000082c00000, 0x0000000082c00000, 0x0000000082d00000|  0%| F|  |TAMS 0x0000000082c00000, 0x0000000082c00000| Untracked 
|   9|0x0000000082d00000, 0x0000000082d00000, 0x0000000082e00000|  0%| F|  |TAMS 0x0000000082d00000, 0x0000000082d00000| Untracked 
|  10|0x0000000082e00000, 0x0000000082e00000, 0x0000000082f00000|  0%| F|  |TAMS 0x0000000082e00000, 0x0000000082e00000| Untracked 
|  11|0x0000000082f00000, 0x0000000082f00000, 0x0000000083000000|  0%| F|  |TAMS 0x0000000082f00000, 0x0000000082f00000| Untracked 
|  12|0x0000000083000000, 0x0000000083000000, 0x0000000083100000|  0%| F|  |TAMS 0x0000000083000000, 0x0000000083000000| Untracked 
|  13|0x0000000083100000, 0x0000000083100000, 0x0000000083200000|  0%| F|  |TAMS 0x0000000083100000, 0x0000000083100000| Untracked 
|  14|0x0000000083200000, 0x0000000083200000, 0x0000000083300000|  0%| F|  |TAMS 0x0000000083200000, 0x0000000083200000| Untracked 
|  15|0x0000000083300000, 0x0000000083300000, 0x0000000083400000|  0%| F|  |TAMS 0x0000000083300000, 0x0000000083300000| Untracked 
|  16|0x0000000083400000, 0x0000000083400000, 0x0000000083500000|  0%| F|  |TAMS 0x0000000083400000, 0x0000000083400000| Untracked 
|  17|0x0000000083500000, 0x0000000083500000, 0x0000000083600000|  0%| F|  |TAMS 0x0000000083500000, 0x0000000083500000| Untracked 
|  18|0x0000000083600000, 0x0000000083600000, 0x0000000083700000|  0%| F|  |TAMS 0x0000000083600000, 0x0000000083600000| Untracked 
|  19|0x0000000083700000, 0x0000000083700000, 0x0000000083800000|  0%| F|  |TAMS 0x0000000083700000, 0x0000000083700000| Untracked 
|  20|0x0000000083800000, 0x0000000083800000, 0x0000000083900000|  0%| F|  |TAMS 0x0000000083800000, 0x0000000083800000| Untracked 
|  21|0x0000000083900000, 0x0000000083900000, 0x0000000083a00000|  0%| F|  |TAMS 0x0000000083900000, 0x0000000083900000| Untracked 
|  22|0x0000000083a00000, 0x0000000083a00000, 0x0000000083b00000|  0%| F|  |TAMS 0x0000000083a00000, 0x0000000083a00000| Untracked 
|  23|0x0000000083b00000, 0x0000000083b00000, 0x0000000083c00000|  0%| F|  |TAMS 0x0000000083b00000, 0x0000000083b00000| Untracked 
|  24|0x0000000083c00000, 0x0000000083c00000, 0x0000000083d00000|  0%| F|  |TAMS 0x0000000083c00000, 0x0000000083c00000| Untracked 
|  25|0x0000000083d00000, 0x0000000083d00000, 0x0000000083e00000|  0%| F|  |TAMS 0x0000000083d00000, 0x0000000083d00000| Untracked 
|  26|0x0000000083e00000, 0x0000000083e00000, 0x0000000083f00000|  0%| F|  |TAMS 0x0000000083e00000, 0x0000000083e00000| Untracked 
|  27|0x0000000083f00000, 0x0000000083f00000, 0x0000000084000000|  0%| F|  |TAMS 0x0000000083f00000, 0x0000000083f00000| Untracked 
|  28|0x0000000084000000, 0x0000000084000000, 0x0000000084100000|  0%| F|  |TAMS 0x0000000084000000, 0x0000000084000000| Untracked 
|  29|0x0000000084100000, 0x0000000084100000, 0x0000000084200000|  0%| F|  |TAMS 0x0000000084100000, 0x0000000084100000| Untracked 
|  30|0x0000000084200000, 0x0000000084200000, 0x0000000084300000|  0%| F|  |TAMS 0x0000000084200000, 0x0000000084200000| Untracked 
|  31|0x0000000084300000, 0x0000000084300000, 0x0000000084400000|  0%| F|  |TAMS 0x0000000084300000, 0x0000000084300000| Untracked 
|  32|0x0000000084400000, 0x0000000084400000, 0x0000000084500000|  0%| F|  |TAMS 0x0000000084400000, 0x0000000084400000| Untracked 
|  33|0x0000000084500000, 0x0000000084500000, 0x0000000084600000|  0%| F|  |TAMS 0x0000000084500000, 0x0000000084500000| Untracked 
|  34|0x0000000084600000, 0x0000000084600000, 0x0000000084700000|  0%| F|  |TAMS 0x0000000084600000, 0x0000000084600000| Untracked 
|  35|0x0000000084700000, 0x0000000084700000, 0x0000000084800000|  0%| F|  |TAMS 0x0000000084700000, 0x0000000084700000| Untracked 
|  36|0x0000000084800000, 0x0000000084800000, 0x0000000084900000|  0%| F|  |TAMS 0x0000000084800000, 0x0000000084800000| Untracked 
|  37|0x0000000084900000, 0x0000000084900000, 0x0000000084a00000|  0%| F|  |TAMS 0x0000000084900000, 0x0000000084900000| Untracked 
|  38|0x0000000084a00000, 0x0000000084a00000, 0x0000000084b00000|  0%| F|  |TAMS 0x0000000084a00000, 0x0000000084a00000| Untracked 
|  39|0x0000000084b00000, 0x0000000084b00000, 0x0000000084c00000|  0%| F|  |TAMS 0x0000000084b00000, 0x0000000084b00000| Untracked 
|  40|0x0000000084c00000, 0x0000000084c00000, 0x0000000084d00000|  0%| F|  |TAMS 0x0000000084c00000, 0x0000000084c00000| Untracked 
|  41|0x0000000084d00000, 0x0000000084d00000, 0x0000000084e00000|  0%| F|  |TAMS 0x0000000084d00000, 0x0000000084d00000| Untracked 
|  42|0x0000000084e00000, 0x0000000084e00000, 0x0000000084f00000|  0%| F|  |TAMS 0x0000000084e00000, 0x0000000084e00000| Untracked 
|  43|0x0000000084f00000, 0x0000000084f00000, 0x0000000085000000|  0%| F|  |TAMS 0x0000000084f00000, 0x0000000084f00000| Untracked 
|  44|0x0000000085000000, 0x0000000085000000, 0x0000000085100000|  0%| F|  |TAMS 0x0000000085000000, 0x0000000085000000| Untracked 
|  45|0x0000000085100000, 0x0000000085100000, 0x0000000085200000|  0%| F|  |TAMS 0x0000000085100000, 0x0000000085100000| Untracked 
|  46|0x0000000085200000, 0x0000000085200000, 0x0000000085300000|  0%| F|  |TAMS 0x0000000085200000, 0x0000000085200000| Untracked 
|  47|0x0000000085300000, 0x0000000085300000, 0x0000000085400000|  0%| F|  |TAMS 0x0000000085300000, 0x0000000085300000| Untracked 
|  48|0x0000000085400000, 0x0000000085400000, 0x0000000085500000|  0%| F|  |TAMS 0x0000000085400000, 0x0000000085400000| Untracked 
|  49|0x0000000085500000, 0x0000000085500000, 0x0000000085600000|  0%| F|  |TAMS 0x0000000085500000, 0x0000000085500000| Untracked 
|  50|0x0000000085600000, 0x0000000085600000, 0x0000000085700000|  0%| F|  |TAMS 0x0000000085600000, 0x0000000085600000| Untracked 
|  51|0x0000000085700000, 0x0000000085700000, 0x0000000085800000|  0%| F|  |TAMS 0x0000000085700000, 0x0000000085700000| Untracked 
|  52|0x0000000085800000, 0x0000000085800000, 0x0000000085900000|  0%| F|  |TAMS 0x0000000085800000, 0x0000000085800000| Untracked 
|  53|0x0000000085900000, 0x0000000085900000, 0x0000000085a00000|  0%| F|  |TAMS 0x0000000085900000, 0x0000000085900000| Untracked 
|  54|0x0000000085a00000, 0x0000000085a00000, 0x0000000085b00000|  0%| F|  |TAMS 0x0000000085a00000, 0x0000000085a00000| Untracked 
|  55|0x0000000085b00000, 0x0000000085b00000, 0x0000000085c00000|  0%| F|  |TAMS 0x0000000085b00000, 0x0000000085b00000| Untracked 
|  56|0x0000000085c00000, 0x0000000085c00000, 0x0000000085d00000|  0%| F|  |TAMS 0x0000000085c00000, 0x0000000085c00000| Untracked 
|  57|0x0000000085d00000, 0x0000000085d00000, 0x0000000085e00000|  0%| F|  |TAMS 0x0000000085d00000, 0x0000000085d00000| Untracked 
|  58|0x0000000085e00000, 0x0000000085e00000, 0x0000000085f00000|  0%| F|  |TAMS 0x0000000085e00000, 0x0000000085e00000| Untracked 
|  59|0x0000000085f00000, 0x0000000085f00000, 0x0000000086000000|  0%| F|  |TAMS 0x0000000085f00000, 0x0000000085f00000| Untracked 
|  60|0x0000000086000000, 0x0000000086000000, 0x0000000086100000|  0%| F|  |TAMS 0x0000000086000000, 0x0000000086000000| Untracked 
|  61|0x0000000086100000, 0x0000000086100000, 0x0000000086200000|  0%| F|  |TAMS 0x0000000086100000, 0x0000000086100000| Untracked 
|  62|0x0000000086200000, 0x0000000086200000, 0x0000000086300000|  0%| F|  |TAMS 0x0000000086200000, 0x0000000086200000| Untracked 
|  63|0x0000000086300000, 0x0000000086300000, 0x0000000086400000|  0%| F|  |TAMS 0x0000000086300000, 0x0000000086300000| Untracked 
|  64|0x0000000086400000, 0x0000000086400000, 0x0000000086500000|  0%| F|  |TAMS 0x0000000086400000, 0x0000000086400000| Untracked 
|  65|0x0000000086500000, 0x0000000086500000, 0x0000000086600000|  0%| F|  |TAMS 0x0000000086500000, 0x0000000086500000| Untracked 
|  66|0x0000000086600000, 0x0000000086600000, 0x0000000086700000|  0%| F|  |TAMS 0x0000000086600000, 0x0000000086600000| Untracked 
|  67|0x0000000086700000, 0x0000000086700000, 0x0000000086800000|  0%| F|  |TAMS 0x0000000086700000, 0x0000000086700000| Untracked 
|  68|0x0000000086800000, 0x0000000086800000, 0x0000000086900000|  0%| F|  |TAMS 0x0000000086800000, 0x0000000086800000| Untracked 
|  69|0x0000000086900000, 0x0000000086900000, 0x0000000086a00000|  0%| F|  |TAMS 0x0000000086900000, 0x0000000086900000| Untracked 
|  70|0x0000000086a00000, 0x0000000086a00000, 0x0000000086b00000|  0%| F|  |TAMS 0x0000000086a00000, 0x0000000086a00000| Untracked 
|  71|0x0000000086b00000, 0x0000000086b00000, 0x0000000086c00000|  0%| F|  |TAMS 0x0000000086b00000, 0x0000000086b00000| Untracked 
|  72|0x0000000086c00000, 0x0000000086c00000, 0x0000000086d00000|  0%| F|  |TAMS 0x0000000086c00000, 0x0000000086c00000| Untracked 
|  73|0x0000000086d00000, 0x0000000086d00000, 0x0000000086e00000|  0%| F|  |TAMS 0x0000000086d00000, 0x0000000086d00000| Untracked 
|  74|0x0000000086e00000, 0x0000000086e00000, 0x0000000086f00000|  0%| F|  |TAMS 0x0000000086e00000, 0x0000000086e00000| Untracked 
|  75|0x0000000086f00000, 0x0000000086f00000, 0x0000000087000000|  0%| F|  |TAMS 0x0000000086f00000, 0x0000000086f00000| Untracked 
|  76|0x0000000087000000, 0x0000000087000000, 0x0000000087100000|  0%| F|  |TAMS 0x0000000087000000, 0x0000000087000000| Untracked 
|  77|0x0000000087100000, 0x0000000087100000, 0x0000000087200000|  0%| F|  |TAMS 0x0000000087100000, 0x0000000087100000| Untracked 
|  78|0x0000000087200000, 0x0000000087200000, 0x0000000087300000|  0%| F|  |TAMS 0x0000000087200000, 0x0000000087200000| Untracked 
|  79|0x0000000087300000, 0x0000000087300000, 0x0000000087400000|  0%| F|  |TAMS 0x0000000087300000, 0x0000000087300000| Untracked 
|  80|0x0000000087400000, 0x0000000087400000, 0x0000000087500000|  0%| F|  |TAMS 0x0000000087400000, 0x0000000087400000| Untracked 
|  81|0x0000000087500000, 0x0000000087500000, 0x0000000087600000|  0%| F|  |TAMS 0x0000000087500000, 0x0000000087500000| Untracked 
|  82|0x0000000087600000, 0x0000000087600000, 0x0000000087700000|  0%| F|  |TAMS 0x0000000087600000, 0x0000000087600000| Untracked 
|  83|0x0000000087700000, 0x0000000087700000, 0x0000000087800000|  0%| F|  |TAMS 0x0000000087700000, 0x0000000087700000| Untracked 
|  84|0x0000000087800000, 0x0000000087800000, 0x0000000087900000|  0%| F|  |TAMS 0x0000000087800000, 0x0000000087800000| Untracked 
|  85|0x0000000087900000, 0x0000000087900000, 0x0000000087a00000|  0%| F|  |TAMS 0x0000000087900000, 0x0000000087900000| Untracked 
|  86|0x0000000087a00000, 0x0000000087a00000, 0x0000000087b00000|  0%| F|  |TAMS 0x0000000087a00000, 0x0000000087a00000| Untracked 
|  87|0x0000000087b00000, 0x0000000087b00000, 0x0000000087c00000|  0%| F|  |TAMS 0x0000000087b00000, 0x0000000087b00000| Untracked 
|  88|0x0000000087c00000, 0x0000000087c00000, 0x0000000087d00000|  0%| F|  |TAMS 0x0000000087c00000, 0x0000000087c00000| Untracked 
|  89|0x0000000087d00000, 0x0000000087d00000, 0x0000000087e00000|  0%| F|  |TAMS 0x0000000087d00000, 0x0000000087d00000| Untracked 
|  90|0x0000000087e00000, 0x0000000087e00000, 0x0000000087f00000|  0%| F|  |TAMS 0x0000000087e00000, 0x0000000087e00000| Untracked 
|  91|0x0000000087f00000, 0x0000000087f00000, 0x0000000088000000|  0%| F|  |TAMS 0x0000000087f00000, 0x0000000087f00000| Untracked 
|  92|0x0000000088000000, 0x0000000088000000, 0x0000000088100000|  0%| F|  |TAMS 0x0000000088000000, 0x0000000088000000| Untracked 
|  93|0x0000000088100000, 0x0000000088100000, 0x0000000088200000|  0%| F|  |TAMS 0x0000000088100000, 0x0000000088100000| Untracked 
|  94|0x0000000088200000, 0x0000000088200000, 0x0000000088300000|  0%| F|  |TAMS 0x0000000088200000, 0x0000000088200000| Untracked 
|  95|0x0000000088300000, 0x0000000088300000, 0x0000000088400000|  0%| F|  |TAMS 0x0000000088300000, 0x0000000088300000| Untracked 
|  96|0x0000000088400000, 0x0000000088400000, 0x0000000088500000|  0%| F|  |TAMS 0x0000000088400000, 0x0000000088400000| Untracked 
|  97|0x0000000088500000, 0x0000000088500000, 0x0000000088600000|  0%| F|  |TAMS 0x0000000088500000, 0x0000000088500000| Untracked 
|  98|0x0000000088600000, 0x0000000088600000, 0x0000000088700000|  0%| F|  |TAMS 0x0000000088600000, 0x0000000088600000| Untracked 
|  99|0x0000000088700000, 0x0000000088700000, 0x0000000088800000|  0%| F|  |TAMS 0x0000000088700000, 0x0000000088700000| Untracked 
| 100|0x0000000088800000, 0x0000000088800000, 0x0000000088900000|  0%| F|  |TAMS 0x0000000088800000, 0x0000000088800000| Untracked 
| 101|0x0000000088900000, 0x0000000088900000, 0x0000000088a00000|  0%| F|  |TAMS 0x0000000088900000, 0x0000000088900000| Untracked 
| 102|0x0000000088a00000, 0x0000000088a00000, 0x0000000088b00000|  0%| F|  |TAMS 0x0000000088a00000, 0x0000000088a00000| Untracked 
| 103|0x0000000088b00000, 0x0000000088b00000, 0x0000000088c00000|  0%| F|  |TAMS 0x0000000088b00000, 0x0000000088b00000| Untracked 
| 104|0x0000000088c00000, 0x0000000088c00000, 0x0000000088d00000|  0%| F|  |TAMS 0x0000000088c00000, 0x0000000088c00000| Untracked 
| 105|0x0000000088d00000, 0x0000000088d00000, 0x0000000088e00000|  0%| F|  |TAMS 0x0000000088d00000, 0x0000000088d00000| Untracked 
| 106|0x0000000088e00000, 0x0000000088e00000, 0x0000000088f00000|  0%| F|  |TAMS 0x0000000088e00000, 0x0000000088e00000| Untracked 
| 107|0x0000000088f00000, 0x0000000088f00000, 0x0000000089000000|  0%| F|  |TAMS 0x0000000088f00000, 0x0000000088f00000| Untracked 
| 108|0x0000000089000000, 0x0000000089000000, 0x0000000089100000|  0%| F|  |TAMS 0x0000000089000000, 0x0000000089000000| Untracked 
| 109|0x0000000089100000, 0x0000000089100000, 0x0000000089200000|  0%| F|  |TAMS 0x0000000089100000, 0x0000000089100000| Untracked 
| 110|0x0000000089200000, 0x0000000089200000, 0x0000000089300000|  0%| F|  |TAMS 0x0000000089200000, 0x0000000089200000| Untracked 
| 111|0x0000000089300000, 0x0000000089300000, 0x0000000089400000|  0%| F|  |TAMS 0x0000000089300000, 0x0000000089300000| Untracked 
| 112|0x0000000089400000, 0x0000000089400000, 0x0000000089500000|  0%| F|  |TAMS 0x0000000089400000, 0x0000000089400000| Untracked 
| 113|0x0000000089500000, 0x0000000089500000, 0x0000000089600000|  0%| F|  |TAMS 0x0000000089500000, 0x0000000089500000| Untracked 
| 114|0x0000000089600000, 0x0000000089600000, 0x0000000089700000|  0%| F|  |TAMS 0x0000000089600000, 0x0000000089600000| Untracked 
| 115|0x0000000089700000, 0x0000000089700000, 0x0000000089800000|  0%| F|  |TAMS 0x0000000089700000, 0x0000000089700000| Untracked 
| 116|0x0000000089800000, 0x0000000089800000, 0x0000000089900000|  0%| F|  |TAMS 0x0000000089800000, 0x0000000089800000| Untracked 
| 117|0x0000000089900000, 0x0000000089900000, 0x0000000089a00000|  0%| F|  |TAMS 0x0000000089900000, 0x0000000089900000| Untracked 
| 118|0x0000000089a00000, 0x0000000089a00000, 0x0000000089b00000|  0%| F|  |TAMS 0x0000000089a00000, 0x0000000089a00000| Untracked 
| 119|0x0000000089b00000, 0x0000000089b00000, 0x0000000089c00000|  0%| F|  |TAMS 0x0000000089b00000, 0x0000000089b00000| Untracked 
| 120|0x0000000089c00000, 0x0000000089c00000, 0x0000000089d00000|  0%| F|  |TAMS 0x0000000089c00000, 0x0000000089c00000| Untracked 
| 121|0x0000000089d00000, 0x0000000089d00000, 0x0000000089e00000|  0%| F|  |TAMS 0x0000000089d00000, 0x0000000089d00000| Untracked 
| 122|0x0000000089e00000, 0x0000000089e00000, 0x0000000089f00000|  0%| F|  |TAMS 0x0000000089e00000, 0x0000000089e00000| Untracked 
| 123|0x0000000089f00000, 0x0000000089f98398, 0x000000008a000000| 59%| S|CS|TAMS 0x0000000089f00000, 0x0000000089f00000| Complete 
| 124|0x000000008a000000, 0x000000008a000000, 0x000000008a100000|  0%| F|  |TAMS 0x000000008a000000, 0x000000008a000000| Untracked 
| 125|0x000000008a100000, 0x000000008a100000, 0x000000008a200000|  0%| F|  |TAMS 0x000000008a100000, 0x000000008a100000| Untracked 

Card table byte_map: [0x000001ce80000000,0x000001ce803f0000] _byte_map_base: 0x000001ce7fbee000

Marking Bits (Prev, Next): (CMBitMap*) 0x000001ceeab2fba8, (CMBitMap*) 0x000001ceeab2fbe0
 Prev Bits: [0x000001ce807e0000, 0x000001ce82750000)
 Next Bits: [0x000001ce82750000, 0x000001ce846c0000)

Polling page: 0x000001ceea930000

Metaspace:

Usage:
  Non-class:      4.23 MB capacity,     4.22 MB (>99%) used,    10.67 KB ( <1%) free+waste,     2.13 KB ( <1%) overhead. 
      Class:    438.00 KB capacity,   414.93 KB ( 95%) used,    21.82 KB (  5%) free+waste,     1.25 KB ( <1%) overhead. 
       Both:      4.66 MB capacity,     4.62 MB (>99%) used,    32.49 KB ( <1%) free+waste,     3.38 KB ( <1%) overhead. 

Virtual space:
  Non-class space:       16.00 MB reserved,       4.25 MB ( 27%) committed 
      Class space:        1.00 GB reserved,     512.00 KB ( <1%) committed 
             Both:        1.02 GB reserved,       4.75 MB ( <1%) committed 

Chunk freelists:
   Non-Class:  22.00 KB
       Class:  10.00 KB
        Both:  32.00 KB

MaxMetaspaceSize: 17179869184.00 GB
CompressedClassSpaceSize: 1.00 GB

CodeHeap 'non-profiled nmethods': size=238336Kb used=122Kb max_used=122Kb free=238213Kb
 bounds [0x000001cef0600000, 0x000001cef0870000, 0x000001cefeec0000]
CodeHeap 'non-nmethods': size=7424Kb used=1012Kb max_used=1012Kb free=6411Kb
 bounds [0x000001ceefec0000, 0x000001cef0130000, 0x000001cef0600000]
 total_blobs=385 nmethods=112 adapters=200
 compilation: enabled
              stopped_count=0, restarted_count=0
 full_count=0

Compilation events (20 events):
Event: 0.227 Thread 0x000001ce8734d800 nmethod 108 0x000001cef061b610 code [0x000001cef061b7c0, 0x000001cef061b9b8]
Event: 0.227 Thread 0x000001ce8734d800  103       1       java.lang.StringBuilder::append (8 bytes)
Event: 0.227 Thread 0x000001ce8734d800 nmethod 103 0x000001cef061ba90 code [0x000001cef061bc40, 0x000001cef061bd28]
Event: 0.227 Thread 0x000001ce8734d800  104       1       java.lang.AbstractStringBuilder::append (45 bytes)
Event: 0.227 Thread 0x000001ce8734d800 nmethod 104 0x000001cef061bd90 code [0x000001cef061bf60, 0x000001cef061c158]
Event: 0.227 Thread 0x000001ce8734d800  109       1       jdk.internal.org.objectweb.asm.ClassWriter::newUTF8 (70 bytes)
Event: 0.228 Thread 0x000001ce8734d800 nmethod 109 0x000001cef061c290 code [0x000001cef061c480, 0x000001cef061c6d8]
Event: 0.228 Thread 0x000001ce8734d800  105       1       java.lang.AbstractStringBuilder::putStringAt (29 bytes)
Event: 0.228 Thread 0x000001ce8734d800 nmethod 105 0x000001cef061c890 code [0x000001cef061ca40, 0x000001cef061cb78]
Event: 0.228 Thread 0x000001ce8734d800  106       1       java.lang.AbstractStringBuilder::getCoder (15 bytes)
Event: 0.228 Thread 0x000001ce8734d800 nmethod 106 0x000001cef061cc90 code [0x000001cef061ce40, 0x000001cef061cef8]
Event: 0.228 Thread 0x000001ce8734d800  107       1       java.lang.String::getBytes (44 bytes)
Event: 0.228 Thread 0x000001ce8734d800 nmethod 107 0x000001cef061cf90 code [0x000001cef061d160, 0x000001cef061d318]
Event: 0.228 Thread 0x000001ce8734d800  110       1       java.util.stream.FindOps$FindSink::cancellationRequested (5 bytes)
Event: 0.228 Thread 0x000001ce8734d800 nmethod 110 0x000001cef061d410 code [0x000001cef061d5c0, 0x000001cef061d678]
Event: 0.229 Thread 0x000001ce8734d800  111       1       java.util.HashMap::putVal (300 bytes)
Event: 0.230 Thread 0x000001ce8734d800 nmethod 111 0x000001cef061d710 code [0x000001cef061d980, 0x000001cef061e078]
Event: 0.230 Thread 0x000001ce8734d800  112       1       java.util.HashMap$Node::<init> (26 bytes)
Event: 0.230 Thread 0x000001ce8734d800 nmethod 112 0x000001cef061e490 code [0x000001cef061e640, 0x000001cef061e818]
Event: 0.230 Thread 0x000001ce8734d800  113       1       java.util.HashMap::put (13 bytes)

GC Heap History (2 events):
Event: 0.230 GC heap before
{Heap before GC invocations=0 (full 0):
 garbage-first heap   total 129024K, used 1024K [0x0000000082400000, 0x0000000100000000)
  region size 1024K, 2 young (2048K), 0 survivors (0K)
 Metaspace       used 4732K, capacity 4768K, committed 4864K, reserved 1062912K
  class space    used 414K, capacity 438K, committed 512K, reserved 1048576K
}
Event: 0.232 GC heap after
{Heap after GC invocations=1 (full 0):
 garbage-first heap   total 129024K, used 608K [0x0000000082400000, 0x0000000100000000)
  region size 1024K, 1 young (1024K), 1 survivors (1024K)
 Metaspace       used 4732K, capacity 4768K, committed 4864K, reserved 1062912K
  class space    used 414K, capacity 438K, committed 512K, reserved 1048576K
}

Deoptimization events (0 events):
No events

Classes redefined (0 events):
No events

Internal exceptions (0 events):
No events

Events (20 events):
Event: 0.224 loading class java/util/stream/Sink$ChainedReference done
Event: 0.225 loading class java/util/stream/ReferencePipeline$3$1 done
Event: 0.225 loading class java/util/stream/ReferencePipeline$2$1
Event: 0.225 loading class java/util/stream/ReferencePipeline$2$1 done
Event: 0.225 loading class java/util/stream/FindOps
Event: 0.225 loading class java/util/stream/FindOps done
Event: 0.225 loading class java/util/stream/FindOps$FindSink$OfRef
Event: 0.225 loading class java/util/stream/FindOps$FindSink
Event: 0.226 loading class java/util/stream/FindOps$FindSink done
Event: 0.226 loading class java/util/stream/FindOps$FindSink$OfRef done
Event: 0.226 loading class java/util/stream/FindOps$FindOp
Event: 0.226 loading class java/util/stream/FindOps$FindOp done
Event: 0.228 loading class java/util/ImmutableCollections$Set12$1
Event: 0.228 loading class java/util/ImmutableCollections$Set12$1 done
Event: 0.229 loading class java/lang/module/Configuration
Event: 0.229 loading class java/lang/module/Configuration done
Event: 0.229 loading class java/lang/module/Resolver
Event: 0.230 loading class java/lang/module/Resolver done
Event: 0.230 loading class java/nio/file/Path
Event: 0.230 Executing VM operation: CollectForMetadataAllocation


Dynamic libraries:
0x00007ff793bc0000 - 0x00007ff793bca000 	C:\Program Files\JetBrains\IntelliJ IDEA 2021.1\jbr\bin\java.exe
0x00007fff78650000 - 0x00007fff78845000 	C:\WINDOWS\SYSTEM32\ntdll.dll
0x00007fff435c0000 - 0x00007fff435d3000 	C:\Program Files\AVAST Software\Avast\aswhook.dll
0x00007fff78520000 - 0x00007fff785dd000 	C:\WINDOWS\System32\KERNEL32.DLL
0x00007fff76260000 - 0x00007fff76528000 	C:\WINDOWS\System32\KERNELBASE.dll
0x00007fff75fd0000 - 0x00007fff760d0000 	C:\WINDOWS\System32\ucrtbase.dll
0x00007fff70c50000 - 0x00007fff70c69000 	C:\Program Files\JetBrains\IntelliJ IDEA 2021.1\jbr\bin\jli.dll
0x00007fff6ea70000 - 0x00007fff6ea87000 	C:\Program Files\JetBrains\IntelliJ IDEA 2021.1\jbr\bin\VCRUNTIME140.dll
0x00007fff771b0000 - 0x00007fff77350000 	C:\WINDOWS\System32\USER32.dll
0x00007fff531e0000 - 0x00007fff5347a000 	C:\WINDOWS\WinSxS\amd64_microsoft.windows.common-controls_6595b64144ccf1df_6.0.19041.844_none_ca00b6081b84eb1d\COMCTL32.dll
0x00007fff76680000 - 0x00007fff766a2000 	C:\WINDOWS\System32\win32u.dll
0x00007fff77db0000 - 0x00007fff77e4e000 	C:\WINDOWS\System32\msvcrt.dll
0x00007fff766b0000 - 0x00007fff766da000 	C:\WINDOWS\System32\GDI32.dll
0x00007fff75e70000 - 0x00007fff75f7b000 	C:\WINDOWS\System32\gdi32full.dll
0x00007fff76530000 - 0x00007fff765cd000 	C:\WINDOWS\System32\msvcp_win.dll
0x00007fff785e0000 - 0x00007fff78610000 	C:\WINDOWS\System32\IMM32.DLL
0x00007fff66a00000 - 0x00007fff66a9d000 	C:\Program Files\JetBrains\IntelliJ IDEA 2021.1\jbr\bin\msvcp140.dll
0x00007fff258b0000 - 0x00007fff263ff000 	C:\Program Files\JetBrains\IntelliJ IDEA 2021.1\jbr\bin\server\jvm.dll
0x00007fff77350000 - 0x00007fff773fc000 	C:\WINDOWS\System32\ADVAPI32.dll
0x00007fff76790000 - 0x00007fff7682b000 	C:\WINDOWS\System32\sechost.dll
0x00007fff76830000 - 0x00007fff7695b000 	C:\WINDOWS\System32\RPCRT4.dll
0x00007fff78140000 - 0x00007fff78148000 	C:\WINDOWS\System32\PSAPI.DLL
0x00007fff64f20000 - 0x00007fff64f29000 	C:\WINDOWS\SYSTEM32\WSOCK32.dll
0x00007fff66b00000 - 0x00007fff66b27000 	C:\WINDOWS\SYSTEM32\WINMM.dll
0x00007fff784b0000 - 0x00007fff7851b000 	C:\WINDOWS\System32\WS2_32.dll
0x00007fff6fbc0000 - 0x00007fff6fbca000 	C:\WINDOWS\SYSTEM32\VERSION.dll
0x00007fff74690000 - 0x00007fff746a2000 	C:\WINDOWS\SYSTEM32\kernel.appcore.dll
0x00007fff70130000 - 0x00007fff70141000 	C:\Program Files\JetBrains\IntelliJ IDEA 2021.1\jbr\bin\verify.dll
0x00007fff73bc0000 - 0x00007fff73da4000 	C:\WINDOWS\SYSTEM32\DBGHELP.DLL
0x00007fff6d270000 - 0x00007fff6d29c000 	C:\WINDOWS\SYSTEM32\dbgcore.DLL
0x00007fff75df0000 - 0x00007fff75e70000 	C:\WINDOWS\System32\bcryptPrimitives.dll
0x00007fff6edc0000 - 0x00007fff6ede9000 	C:\Program Files\JetBrains\IntelliJ IDEA 2021.1\jbr\bin\java.dll
0x00007fff71940000 - 0x00007fff7194b000 	C:\Program Files\JetBrains\IntelliJ IDEA 2021.1\jbr\bin\jimage.dll
0x00007fff70210000 - 0x00007fff7021f000 	C:\Program Files\JetBrains\IntelliJ IDEA 2021.1\jbr\bin\instrument.dll
0x00007fff6ebc0000 - 0x00007fff6ebd8000 	C:\Program Files\JetBrains\IntelliJ IDEA 2021.1\jbr\bin\zip.dll
0x00007fff77400000 - 0x00007fff77b42000 	C:\WINDOWS\System32\SHELL32.dll
0x00007fff73eb0000 - 0x00007fff74641000 	C:\WINDOWS\SYSTEM32\windows.storage.dll
0x00007fff78150000 - 0x00007fff784a5000 	C:\WINDOWS\System32\combase.dll
0x00007fff75800000 - 0x00007fff7582c000 	C:\WINDOWS\SYSTEM32\Wldp.dll
0x00007fff78090000 - 0x00007fff7813e000 	C:\WINDOWS\System32\SHCORE.dll
0x00007fff77c30000 - 0x00007fff77c85000 	C:\WINDOWS\System32\shlwapi.dll
0x00007fff75cd0000 - 0x00007fff75cef000 	C:\WINDOWS\SYSTEM32\profapi.dll

dbghelp: loaded successfully - version: 4.0.5 - missing functions: none
symbol engine: initialized successfully - sym options: 0x614 - pdb path: .;C:\Program Files\JetBrains\IntelliJ IDEA 2021.1\jbr\bin;C:\WINDOWS\SYSTEM32;C:\Program Files\AVAST Software\Avast;C:\WINDOWS\WinSxS\amd64_microsoft.windows.common-controls_6595b64144ccf1df_6.0.19041.844_none_ca00b6081b84eb1d;C:\Program Files\JetBrains\IntelliJ IDEA 2021.1\jbr\bin\server

VM Arguments:
jvm_args: -XX:TieredStopAtLevel=1 -Xverify:none -Dspring.output.ansi.enabled=always -javaagent:C:\Program Files\JetBrains\IntelliJ IDEA 2021.1\lib\idea_rt.jar=60759:C:\Program Files\JetBrains\IntelliJ IDEA 2021.1\bin -Dcom.sun.management.jmxremote -Dspring.jmx.enabled=true -Dspring.liveBeansView.mbeanDomain -Dspring.application.admin.enabled=true -Dfile.encoding=UTF-8 
java_command: com.artur.ServingWebContentApplication
java_class_path (initial): D:\Application\target\classes;C:\Users\Asus\.m2\repository\org\springframework\boot\spring-boot-starter-mustache\2.4.3\spring-boot-starter-mustache-2.4.3.jar;C:\Users\Asus\.m2\repository\org\springframework\boot\spring-boot-starter\2.4.3\spring-boot-starter-2.4.3.jar;C:\Users\Asus\.m2\repository\org\springframework\boot\spring-boot-starter-logging\2.4.3\spring-boot-starter-logging-2.4.3.jar;C:\Users\Asus\.m2\repository\ch\qos\logback\logback-classic\1.2.3\logback-classic-1.2.3.jar;C:\Users\Asus\.m2\repository\ch\qos\logback\logback-core\1.2.3\logback-core-1.2.3.jar;C:\Users\Asus\.m2\repository\org\apache\logging\log4j\log4j-to-slf4j\2.13.3\log4j-to-slf4j-2.13.3.jar;C:\Users\Asus\.m2\repository\org\apache\logging\log4j\log4j-api\2.13.3\log4j-api-2.13.3.jar;C:\Users\Asus\.m2\repository\org\slf4j\jul-to-slf4j\1.7.30\jul-to-slf4j-1.7.30.jar;C:\Users\Asus\.m2\repository\jakarta\annotation\jakarta.annotation-api\1.3.5\jakarta.annotation-api-1.3.5.jar;C:\Users\Asus\.m2\repository\org\yaml\snakeyaml\1.27\snakeyaml-1.27.jar;C:\Users\Asus\.m2\repository\com\samskivert\jmustache\1.15\jmustache-1.15.jar;C:\Users\Asus\.m2\repository\org\springframework\boot\spring-boot-starter-web\2.4.3\spring-boot-starter-web-2.4.3.jar;C:\Users\Asus\.m2\repository\org\springframework\boot\spring-boot-starter-json\2.4.3\spring-boot-starter-json-2.4.3.jar;C:\Users\Asus\.m2\repository\com\fasterxml\jackson\core\jackson-databind\2.11.4\jackson-databind-2.11.4.jar;C:\Users\Asus\.m2\repository\com\fasterxml\jackson\core\jackson-annotations\2.11.4\jackson-annotations-2.11.4.jar;C:\Users\Asus\.m2\repository\com\fasterxml\jackson\core\jackson-core\2.11.4\jackson-core-2.11.4.jar;C:\Users\Asus\.m2\repository\com\fasterxml\jackson\datatype\jackson-datatype-jdk8\2.11.4\jackson-datatype-jdk8-2.11.4.jar;C:\Users\Asus\.m2\repository\com\fasterxml\jackson\datatype\jackson-datatype-jsr310\2.11.4\jackson-datatype-jsr310-2.11.4.jar;C:\Users\Asus\.m2\repository\com\fasterxml\jackson\mod
Launcher Type: SUN_STANDARD

[Global flags]
     bool BytecodeVerificationLocal                = false                                     {product} {command line}
     bool BytecodeVerificationRemote               = false                                     {product} {command line}
     intx CICompilerCount                          = 4                                         {product} {ergonomic}
     uint ConcGCThreads                            = 3                                         {product} {ergonomic}
     uint G1ConcRefinementThreads                  = 10                                        {product} {ergonomic}
   size_t G1HeapRegionSize                         = 1048576                                   {product} {ergonomic}
    uintx GCDrainStackTargetSize                   = 64                                        {product} {ergonomic}
   size_t InitialHeapSize                          = 132120576                                 {product} {ergonomic}
     bool ManagementServer                         = true                                      {product} {command line}
   size_t MarkStackSize                            = 4194304                                   {product} {ergonomic}
   size_t MaxHeapSize                              = 2109734912                                {product} {ergonomic}
   size_t MaxNewSize                               = 1265631232                                {product} {ergonomic}
   size_t MinHeapDeltaBytes                        = 1048576                                   {product} {ergonomic}
    uintx NonNMethodCodeHeapSize                   = 7549744                                {pd product} {ergonomic}
    uintx NonProfiledCodeHeapSize                  = 244108496                              {pd product} {ergonomic}
    uintx ProfiledCodeHeapSize                     = 0                                      {pd product} {ergonomic}
    uintx ReservedCodeCacheSize                    = 251658240                              {pd product} {ergonomic}
     bool SegmentedCodeCache                       = true                                      {product} {ergonomic}
     intx TieredStopAtLevel                        = 1                                         {product} {command line}
     bool UseCompressedClassPointers               = true                                 {lp64_product} {ergonomic}
     bool UseCompressedOops                        = true                                 {lp64_product} {ergonomic}
     bool UseG1GC                                  = true                                      {product} {ergonomic}
     bool UseLargePagesIndividualAllocation        = false                                  {pd product} {ergonomic}

Logging:
Log output configuration:
 #0: stdout all=warning uptime,level,tags
 #1: stderr all=off uptime,level,tags

Environment Variables:
PATH=C:\Program Files (x86)\Intel\Intel(R) Management Engine Components\iCLS\;C:\Program Files\Intel\Intel(R) Management Engine Components\iCLS\;C:\Windows\system32;C:\Windows;C:\Windows\System32\Wbem;C:\Windows\System32\WindowsPowerShell\v1.0\;C:\Program Files (x86)\Intel\Intel(R) Management Engine Components\DAL;C:\Program Files\Intel\Intel(R) Management Engine Components\DAL;C:\Program Files (x86)\Intel\Intel(R) Management Engine Components\IPT;C:\Program Files\Intel\Intel(R) Management Engine Components\IPT;C:\Program Files (x86)\NVIDIA Corporation\PhysX\Common;C:\Program Files\Intel\WiFi\bin\;C:\Program Files\Common Files\Intel\WirelessCommon\;C:\WINDOWS\system32;C:\WINDOWS;C:\WINDOWS\System32\Wbem;C:\WINDOWS\System32\WindowsPowerShell\v1.0\;C:\WINDOWS\System32\OpenSSH\;C:\Program Files\NVIDIA Corporation\NVIDIA NvDLISR;C:\Program Files\Java\jdk-13.0.2\bin;C:\Program Files\Git\cmd;C:\Users\Asus\AppData\Local\Microsoft\WindowsApps;C:\Program Files\Intel\WiFi\bin\;C:\Program Files\Common Files\Intel\WirelessCommon\;C:\Users\Asus\AppData\Local\GitHubDesktop\bin;C:\Program Files\JetBrains\IntelliJ IDEA Community Edition 2020.2.3\bin;;C:\Users\Asus\AppData\Local\Microsoft\WindowsApps;
USERNAME=Asus
OS=Windows_NT
PROCESSOR_IDENTIFIER=Intel64 Family 6 Model 158 Stepping 10, GenuineIntel



---------------  S Y S T E M  ---------------

OS: Windows 10 , 64 bit Build 19041 (10.0.19041.928)
OS uptime: 1 days 22:52 hours

CPU:total 12 (initial active 12) (6 cores per cpu, 2 threads per core) family 6 model 158 stepping 10 microcode 0xde, cmov, cx8, fxsr, mmx, sse, sse2, sse3, ssse3, sse4.1, sse4.2, popcnt, avx, avx2, aes, clmul, erms, 3dnowpref, lzcnt, ht, tsc, tscinvbit, bmi1, bmi2, adx, fma

Memory: 4k page, system-wide physical 8046M (953M free)
TotalPageFile size 12142M (AvailPageFile size 252M)
current process WorkingSet (physical memory assigned to process): 33M, peak: 33M
current process commit charge ("private bytes"): 202M, peak: 203M

vm_info: Dynamic Code Evolution 64-Bit Server VM (11.0.10+9-b1341.35) for windows-amd64 JRE (11.0.10+9-b1341.35), built on Mar 31 2021 02:11:12 by "" with MS VC++ 14.0 (VS2015)

END.
